2022-06-05 11:00:23.716  INFO 7055 --- [main] com.raghu.mbs.MbsApplication             : Starting MbsApplication using Java 11.0.12 on raghu-HP-Spectre-x360-Convertible-13-ac0XX with PID 7055 (/home/raghu/Documents/mbs/target/classes started by raghu in /home/raghu/Documents/mbs)
2022-06-05 11:00:23.750  INFO 7055 --- [main] com.raghu.mbs.MbsApplication             : No active profile set, falling back to default profiles: default
2022-06-05 11:00:24.903  INFO 7055 --- [main] .s.d.r.c.RepositoryConfigurationDelegate : Bootstrapping Spring Data JPA repositories in DEFAULT mode.
2022-06-05 11:00:25.006  INFO 7055 --- [main] .s.d.r.c.RepositoryConfigurationDelegate : Finished Spring Data repository scanning in 93 ms. Found 11 JPA repository interfaces.
2022-06-05 11:00:25.492  INFO 7055 --- [main] o.s.b.w.embedded.tomcat.TomcatWebServer  : Tomcat initialized with port(s): 8081 (http)
2022-06-05 11:00:25.503  INFO 7055 --- [main] o.apache.catalina.core.StandardService   : Starting service [Tomcat]
2022-06-05 11:00:25.504  INFO 7055 --- [main] org.apache.catalina.core.StandardEngine  : Starting Servlet engine: [Apache Tomcat/9.0.53]
2022-06-05 11:00:25.579  INFO 7055 --- [main] o.a.c.c.C.[.[localhost].[/mbs/v1]        : Initializing Spring embedded WebApplicationContext
2022-06-05 11:00:25.580  INFO 7055 --- [main] w.s.c.ServletWebServerApplicationContext : Root WebApplicationContext: initialization completed in 1739 ms
2022-06-05 11:00:25.618  INFO 7055 --- [main] com.zaxxer.hikari.HikariDataSource       : HikariPool-1 - Starting...
2022-06-05 11:00:25.744  INFO 7055 --- [main] com.zaxxer.hikari.HikariDataSource       : HikariPool-1 - Start completed.
2022-06-05 11:00:25.754  INFO 7055 --- [main] o.s.b.a.h2.H2ConsoleAutoConfiguration    : H2 console available at '/h2-console'. Database available at 'jdbc:h2:mem:mbsdb'
2022-06-05 11:00:25.904  INFO 7055 --- [main] o.hibernate.jpa.internal.util.LogHelper  : HHH000204: Processing PersistenceUnitInfo [name: default]
2022-06-05 11:00:25.942  INFO 7055 --- [main] org.hibernate.Version                    : HHH000412: Hibernate ORM core version 5.4.32.Final
2022-06-05 11:00:26.070  INFO 7055 --- [main] o.hibernate.annotations.common.Version   : HCANN000001: Hibernate Commons Annotations {5.1.2.Final}
2022-06-05 11:00:26.196  INFO 7055 --- [main] org.hibernate.dialect.Dialect            : HHH000400: Using dialect: org.hibernate.dialect.H2Dialect
2022-06-05 11:00:26.929  INFO 7055 --- [main] o.h.e.t.j.p.i.JtaPlatformInitiator       : HHH000490: Using JtaPlatform implementation: [org.hibernate.engine.transaction.jta.platform.internal.NoJtaPlatform]
2022-06-05 11:00:26.938  INFO 7055 --- [main] j.LocalContainerEntityManagerFactoryBean : Initialized JPA EntityManagerFactory for persistence unit 'default'
2022-06-05 11:00:27.524  WARN 7055 --- [main] JpaBaseConfiguration$JpaWebConfiguration : spring.jpa.open-in-view is enabled by default. Therefore, database queries may be performed during view rendering. Explicitly configure spring.jpa.open-in-view to disable this warning
2022-06-05 11:00:27.942  INFO 7055 --- [main] o.s.b.w.embedded.tomcat.TomcatWebServer  : Tomcat started on port(s): 8081 (http) with context path '/mbs/v1'
2022-06-05 11:00:27.955  INFO 7055 --- [main] com.raghu.mbs.MbsApplication             : Started MbsApplication in 5.912 seconds (JVM running for 8.05)
2022-06-05 11:00:28.109  INFO 7055 --- [main] org.hibernate.orm.tooling.schema         : acceptMovieDetails method is triggered
2022-06-05 11:00:28.128  INFO 7055 --- [main] com.raghu.mbs.MbsApplication             : I am writing an info log
2022-06-05 11:00:28.128  WARN 7055 --- [main] com.raghu.mbs.MbsApplication             : I amw writing a warning log
2022-06-05 11:00:28.128 ERROR 7055 --- [main] com.raghu.mbs.MbsApplication             : I am writing an error log
2022-06-05 11:03:24.628  INFO 7055 --- [http-nio-8081-exec-1] o.a.c.c.C.[.[localhost].[/mbs/v1]        : Initializing Spring DispatcherServlet 'dispatcherServlet'
2022-06-05 11:03:24.629  INFO 7055 --- [http-nio-8081-exec-1] o.s.web.servlet.DispatcherServlet        : Initializing Servlet 'dispatcherServlet'
2022-06-05 11:03:24.631  INFO 7055 --- [http-nio-8081-exec-1] o.s.web.servlet.DispatcherServlet        : Completed initialization in 2 ms
2022-06-05 11:11:35.754  INFO 7055 --- [SpringApplicationShutdownHook] j.LocalContainerEntityManagerFactoryBean : Closing JPA EntityManagerFactory for persistence unit 'default'
2022-06-05 11:11:35.758  INFO 7055 --- [SpringApplicationShutdownHook] com.zaxxer.hikari.HikariDataSource       : HikariPool-1 - Shutdown initiated...
2022-06-05 11:11:35.762  INFO 7055 --- [SpringApplicationShutdownHook] com.zaxxer.hikari.HikariDataSource       : HikariPool-1 - Shutdown completed.
2022-06-05 11:11:49.334  INFO 7841 --- [main] com.raghu.mbs.MbsApplication             : Starting MbsApplication using Java 11.0.12 on raghu-HP-Spectre-x360-Convertible-13-ac0XX with PID 7841 (/home/raghu/Documents/mbs/target/classes started by raghu in /home/raghu/Documents/mbs)
2022-06-05 11:11:49.336  INFO 7841 --- [main] com.raghu.mbs.MbsApplication             : No active profile set, falling back to default profiles: default
2022-06-05 11:11:50.165  INFO 7841 --- [main] .s.d.r.c.RepositoryConfigurationDelegate : Bootstrapping Spring Data JPA repositories in DEFAULT mode.
2022-06-05 11:11:50.277  INFO 7841 --- [main] .s.d.r.c.RepositoryConfigurationDelegate : Finished Spring Data repository scanning in 100 ms. Found 11 JPA repository interfaces.
2022-06-05 11:11:50.620  INFO 7841 --- [main] o.s.b.w.embedded.tomcat.TomcatWebServer  : Tomcat initialized with port(s): 8081 (http)
2022-06-05 11:11:50.627  INFO 7841 --- [main] o.apache.catalina.core.StandardService   : Starting service [Tomcat]
2022-06-05 11:11:50.627  INFO 7841 --- [main] org.apache.catalina.core.StandardEngine  : Starting Servlet engine: [Apache Tomcat/9.0.53]
2022-06-05 11:11:50.681  INFO 7841 --- [main] o.a.c.c.C.[.[localhost].[/mbs/v1]        : Initializing Spring embedded WebApplicationContext
2022-06-05 11:11:50.682  INFO 7841 --- [main] w.s.c.ServletWebServerApplicationContext : Root WebApplicationContext: initialization completed in 1264 ms
2022-06-05 11:11:50.729  INFO 7841 --- [main] com.zaxxer.hikari.HikariDataSource       : HikariPool-1 - Starting...
2022-06-05 11:11:50.814  INFO 7841 --- [main] com.zaxxer.hikari.HikariDataSource       : HikariPool-1 - Start completed.
2022-06-05 11:11:50.818  INFO 7841 --- [main] o.s.b.a.h2.H2ConsoleAutoConfiguration    : H2 console available at '/h2-console'. Database available at 'jdbc:h2:mem:mbsdb'
2022-06-05 11:11:50.948  INFO 7841 --- [main] o.hibernate.jpa.internal.util.LogHelper  : HHH000204: Processing PersistenceUnitInfo [name: default]
2022-06-05 11:11:50.974  INFO 7841 --- [main] org.hibernate.Version                    : HHH000412: Hibernate ORM core version 5.4.32.Final
2022-06-05 11:11:51.094  INFO 7841 --- [main] o.hibernate.annotations.common.Version   : HCANN000001: Hibernate Commons Annotations {5.1.2.Final}
2022-06-05 11:11:51.190  INFO 7841 --- [main] org.hibernate.dialect.Dialect            : HHH000400: Using dialect: org.hibernate.dialect.H2Dialect
2022-06-05 11:11:51.879  INFO 7841 --- [main] o.h.e.t.j.p.i.JtaPlatformInitiator       : HHH000490: Using JtaPlatform implementation: [org.hibernate.engine.transaction.jta.platform.internal.NoJtaPlatform]
2022-06-05 11:11:51.890  INFO 7841 --- [main] j.LocalContainerEntityManagerFactoryBean : Initialized JPA EntityManagerFactory for persistence unit 'default'
2022-06-05 11:11:52.744  WARN 7841 --- [main] JpaBaseConfiguration$JpaWebConfiguration : spring.jpa.open-in-view is enabled by default. Therefore, database queries may be performed during view rendering. Explicitly configure spring.jpa.open-in-view to disable this warning
2022-06-05 11:11:53.004  INFO 7841 --- [main] o.s.b.w.embedded.tomcat.TomcatWebServer  : Tomcat started on port(s): 8081 (http) with context path '/mbs/v1'
2022-06-05 11:11:53.015  INFO 7841 --- [main] com.raghu.mbs.MbsApplication             : Started MbsApplication in 4.136 seconds (JVM running for 4.9)
2022-06-05 11:11:53.212  INFO 7841 --- [main] org.hibernate.orm.tooling.schema         : acceptMovieDetails method is triggered
2022-06-05 11:11:53.242  INFO 7841 --- [main] com.raghu.mbs.MbsApplication             : I am writing an info log
2022-06-05 11:11:53.242  WARN 7841 --- [main] com.raghu.mbs.MbsApplication             : I amw writing a warning log
2022-06-05 11:11:53.242 ERROR 7841 --- [main] com.raghu.mbs.MbsApplication             : I am writing an error log
2022-06-05 11:12:08.069  INFO 7841 --- [http-nio-8081-exec-1] o.a.c.c.C.[.[localhost].[/mbs/v1]        : Initializing Spring DispatcherServlet 'dispatcherServlet'
2022-06-05 11:12:08.070  INFO 7841 --- [http-nio-8081-exec-1] o.s.web.servlet.DispatcherServlet        : Initializing Servlet 'dispatcherServlet'
2022-06-05 11:12:08.071  INFO 7841 --- [http-nio-8081-exec-1] o.s.web.servlet.DispatcherServlet        : Completed initialization in 1 ms
2022-06-05 11:12:08.144  INFO 7841 --- [http-nio-8081-exec-1] org.hibernate.orm.tooling.schema         : acceptMovieDetails method is triggered
2022-06-05 11:53:36.655 ERROR 7841 --- [http-nio-8081-exec-5] o.a.c.c.C.[.[.[.[dispatcherServlet]      : Servlet.service() for servlet [dispatcherServlet] in context with path [/mbs/v1] threw exception [Request processing failed; nested exception is com.raghu.mbs.exceptions.MovieDetailsNotFoundException: Movie details not found for the movie id: 2] with root cause

com.raghu.mbs.exceptions.MovieDetailsNotFoundException: Movie details not found for the movie id: 2
	at com.raghu.mbs.services.impl.MovieServiceImpl.lambda$getMovieDetails$0(MovieServiceImpl.java:34) ~[classes/:na]
	at java.base/java.util.Optional.orElseThrow(Optional.java:408) ~[na:na]
	at com.raghu.mbs.services.impl.MovieServiceImpl.getMovieDetails(MovieServiceImpl.java:33) ~[classes/:na]
	at com.raghu.mbs.controllers.MovieController.getMovieBasedOnId(MovieController.java:101) ~[classes/:na]
	at java.base/jdk.internal.reflect.NativeMethodAccessorImpl.invoke0(Native Method) ~[na:na]
	at java.base/jdk.internal.reflect.NativeMethodAccessorImpl.invoke(NativeMethodAccessorImpl.java:62) ~[na:na]
	at java.base/jdk.internal.reflect.DelegatingMethodAccessorImpl.invoke(DelegatingMethodAccessorImpl.java:43) ~[na:na]
	at java.base/java.lang.reflect.Method.invoke(Method.java:566) ~[na:na]
	at org.springframework.web.method.support.InvocableHandlerMethod.doInvoke(InvocableHandlerMethod.java:205) ~[spring-web-5.3.10.jar:5.3.10]
	at org.springframework.web.method.support.InvocableHandlerMethod.invokeForRequest(InvocableHandlerMethod.java:150) ~[spring-web-5.3.10.jar:5.3.10]
	at org.springframework.web.servlet.mvc.method.annotation.ServletInvocableHandlerMethod.invokeAndHandle(ServletInvocableHandlerMethod.java:117) ~[spring-webmvc-5.3.10.jar:5.3.10]
	at org.springframework.web.servlet.mvc.method.annotation.RequestMappingHandlerAdapter.invokeHandlerMethod(RequestMappingHandlerAdapter.java:895) ~[spring-webmvc-5.3.10.jar:5.3.10]
	at org.springframework.web.servlet.mvc.method.annotation.RequestMappingHandlerAdapter.handleInternal(RequestMappingHandlerAdapter.java:808) ~[spring-webmvc-5.3.10.jar:5.3.10]
	at org.springframework.web.servlet.mvc.method.AbstractHandlerMethodAdapter.handle(AbstractHandlerMethodAdapter.java:87) ~[spring-webmvc-5.3.10.jar:5.3.10]
	at org.springframework.web.servlet.DispatcherServlet.doDispatch(DispatcherServlet.java:1067) ~[spring-webmvc-5.3.10.jar:5.3.10]
	at org.springframework.web.servlet.DispatcherServlet.doService(DispatcherServlet.java:963) ~[spring-webmvc-5.3.10.jar:5.3.10]
	at org.springframework.web.servlet.FrameworkServlet.processRequest(FrameworkServlet.java:1006) ~[spring-webmvc-5.3.10.jar:5.3.10]
	at org.springframework.web.servlet.FrameworkServlet.doGet(FrameworkServlet.java:898) ~[spring-webmvc-5.3.10.jar:5.3.10]
	at javax.servlet.http.HttpServlet.service(HttpServlet.java:655) ~[tomcat-embed-core-9.0.53.jar:4.0.FR]
	at org.springframework.web.servlet.FrameworkServlet.service(FrameworkServlet.java:883) ~[spring-webmvc-5.3.10.jar:5.3.10]
	at javax.servlet.http.HttpServlet.service(HttpServlet.java:764) ~[tomcat-embed-core-9.0.53.jar:4.0.FR]
	at org.apache.catalina.core.ApplicationFilterChain.internalDoFilter(ApplicationFilterChain.java:227) ~[tomcat-embed-core-9.0.53.jar:9.0.53]
	at org.apache.catalina.core.ApplicationFilterChain.doFilter(ApplicationFilterChain.java:162) ~[tomcat-embed-core-9.0.53.jar:9.0.53]
	at org.apache.tomcat.websocket.server.WsFilter.doFilter(WsFilter.java:53) ~[tomcat-embed-websocket-9.0.53.jar:9.0.53]
	at org.apache.catalina.core.ApplicationFilterChain.internalDoFilter(ApplicationFilterChain.java:189) ~[tomcat-embed-core-9.0.53.jar:9.0.53]
	at org.apache.catalina.core.ApplicationFilterChain.doFilter(ApplicationFilterChain.java:162) ~[tomcat-embed-core-9.0.53.jar:9.0.53]
	at org.springframework.web.filter.RequestContextFilter.doFilterInternal(RequestContextFilter.java:100) ~[spring-web-5.3.10.jar:5.3.10]
	at org.springframework.web.filter.OncePerRequestFilter.doFilter(OncePerRequestFilter.java:119) ~[spring-web-5.3.10.jar:5.3.10]
	at org.apache.catalina.core.ApplicationFilterChain.internalDoFilter(ApplicationFilterChain.java:189) ~[tomcat-embed-core-9.0.53.jar:9.0.53]
	at org.apache.catalina.core.ApplicationFilterChain.doFilter(ApplicationFilterChain.java:162) ~[tomcat-embed-core-9.0.53.jar:9.0.53]
	at org.springframework.web.filter.FormContentFilter.doFilterInternal(FormContentFilter.java:93) ~[spring-web-5.3.10.jar:5.3.10]
	at org.springframework.web.filter.OncePerRequestFilter.doFilter(OncePerRequestFilter.java:119) ~[spring-web-5.3.10.jar:5.3.10]
	at org.apache.catalina.core.ApplicationFilterChain.internalDoFilter(ApplicationFilterChain.java:189) ~[tomcat-embed-core-9.0.53.jar:9.0.53]
	at org.apache.catalina.core.ApplicationFilterChain.doFilter(ApplicationFilterChain.java:162) ~[tomcat-embed-core-9.0.53.jar:9.0.53]
	at org.springframework.web.filter.CharacterEncodingFilter.doFilterInternal(CharacterEncodingFilter.java:201) ~[spring-web-5.3.10.jar:5.3.10]
	at org.springframework.web.filter.OncePerRequestFilter.doFilter(OncePerRequestFilter.java:119) ~[spring-web-5.3.10.jar:5.3.10]
	at org.apache.catalina.core.ApplicationFilterChain.internalDoFilter(ApplicationFilterChain.java:189) ~[tomcat-embed-core-9.0.53.jar:9.0.53]
	at org.apache.catalina.core.ApplicationFilterChain.doFilter(ApplicationFilterChain.java:162) ~[tomcat-embed-core-9.0.53.jar:9.0.53]
	at org.apache.catalina.core.StandardWrapperValve.invoke(StandardWrapperValve.java:197) ~[tomcat-embed-core-9.0.53.jar:9.0.53]
	at org.apache.catalina.core.StandardContextValve.invoke(StandardContextValve.java:97) ~[tomcat-embed-core-9.0.53.jar:9.0.53]
	at org.apache.catalina.authenticator.AuthenticatorBase.invoke(AuthenticatorBase.java:540) ~[tomcat-embed-core-9.0.53.jar:9.0.53]
	at org.apache.catalina.core.StandardHostValve.invoke(StandardHostValve.java:135) ~[tomcat-embed-core-9.0.53.jar:9.0.53]
	at org.apache.catalina.valves.ErrorReportValve.invoke(ErrorReportValve.java:92) ~[tomcat-embed-core-9.0.53.jar:9.0.53]
	at org.apache.catalina.core.StandardEngineValve.invoke(StandardEngineValve.java:78) ~[tomcat-embed-core-9.0.53.jar:9.0.53]
	at org.apache.catalina.connector.CoyoteAdapter.service(CoyoteAdapter.java:357) ~[tomcat-embed-core-9.0.53.jar:9.0.53]
	at org.apache.coyote.http11.Http11Processor.service(Http11Processor.java:382) ~[tomcat-embed-core-9.0.53.jar:9.0.53]
	at org.apache.coyote.AbstractProcessorLight.process(AbstractProcessorLight.java:65) ~[tomcat-embed-core-9.0.53.jar:9.0.53]
	at org.apache.coyote.AbstractProtocol$ConnectionHandler.process(AbstractProtocol.java:893) ~[tomcat-embed-core-9.0.53.jar:9.0.53]
	at org.apache.tomcat.util.net.NioEndpoint$SocketProcessor.doRun(NioEndpoint.java:1726) ~[tomcat-embed-core-9.0.53.jar:9.0.53]
	at org.apache.tomcat.util.net.SocketProcessorBase.run(SocketProcessorBase.java:49) ~[tomcat-embed-core-9.0.53.jar:9.0.53]
	at org.apache.tomcat.util.threads.ThreadPoolExecutor.runWorker(ThreadPoolExecutor.java:1191) ~[tomcat-embed-core-9.0.53.jar:9.0.53]
	at org.apache.tomcat.util.threads.ThreadPoolExecutor$Worker.run(ThreadPoolExecutor.java:659) ~[tomcat-embed-core-9.0.53.jar:9.0.53]
	at org.apache.tomcat.util.threads.TaskThread$WrappingRunnable.run(TaskThread.java:61) ~[tomcat-embed-core-9.0.53.jar:9.0.53]
	at java.base/java.lang.Thread.run(Thread.java:834) ~[na:na]

2022-06-05 12:42:54.079  INFO 7841 --- [SpringApplicationShutdownHook] j.LocalContainerEntityManagerFactoryBean : Closing JPA EntityManagerFactory for persistence unit 'default'
2022-06-05 12:42:54.081  INFO 7841 --- [SpringApplicationShutdownHook] com.zaxxer.hikari.HikariDataSource       : HikariPool-1 - Shutdown initiated...
2022-06-05 12:42:54.083  INFO 7841 --- [SpringApplicationShutdownHook] com.zaxxer.hikari.HikariDataSource       : HikariPool-1 - Shutdown completed.
2022-06-05 12:43:01.015  INFO 12898 --- [main] com.raghu.mbs.MbsApplication             : Starting MbsApplication using Java 11.0.12 on raghu-HP-Spectre-x360-Convertible-13-ac0XX with PID 12898 (/home/raghu/Documents/mbs/target/classes started by raghu in /home/raghu/Documents/mbs)
2022-06-05 12:43:01.020  INFO 12898 --- [main] com.raghu.mbs.MbsApplication             : No active profile set, falling back to default profiles: default
2022-06-05 12:43:02.200  INFO 12898 --- [main] .s.d.r.c.RepositoryConfigurationDelegate : Bootstrapping Spring Data JPA repositories in DEFAULT mode.
2022-06-05 12:43:02.326  INFO 12898 --- [main] .s.d.r.c.RepositoryConfigurationDelegate : Finished Spring Data repository scanning in 115 ms. Found 11 JPA repository interfaces.
2022-06-05 12:43:02.811  INFO 12898 --- [main] o.s.b.w.embedded.tomcat.TomcatWebServer  : Tomcat initialized with port(s): 8081 (http)
2022-06-05 12:43:02.820  INFO 12898 --- [main] o.apache.catalina.core.StandardService   : Starting service [Tomcat]
2022-06-05 12:43:02.821  INFO 12898 --- [main] org.apache.catalina.core.StandardEngine  : Starting Servlet engine: [Apache Tomcat/9.0.53]
2022-06-05 12:43:02.880  INFO 12898 --- [main] o.a.c.c.C.[.[localhost].[/mbs/v1]        : Initializing Spring embedded WebApplicationContext
2022-06-05 12:43:02.881  INFO 12898 --- [main] w.s.c.ServletWebServerApplicationContext : Root WebApplicationContext: initialization completed in 1681 ms
2022-06-05 12:43:02.910  INFO 12898 --- [main] com.zaxxer.hikari.HikariDataSource       : HikariPool-1 - Starting...
2022-06-05 12:43:03.058  INFO 12898 --- [main] com.zaxxer.hikari.HikariDataSource       : HikariPool-1 - Start completed.
2022-06-05 12:43:03.070  INFO 12898 --- [main] o.s.b.a.h2.H2ConsoleAutoConfiguration    : H2 console available at '/h2-console'. Database available at 'jdbc:h2:mem:mbsdb'
2022-06-05 12:43:03.212  INFO 12898 --- [main] o.hibernate.jpa.internal.util.LogHelper  : HHH000204: Processing PersistenceUnitInfo [name: default]
2022-06-05 12:43:03.257  INFO 12898 --- [main] org.hibernate.Version                    : HHH000412: Hibernate ORM core version 5.4.32.Final
2022-06-05 12:43:03.384  INFO 12898 --- [main] o.hibernate.annotations.common.Version   : HCANN000001: Hibernate Commons Annotations {5.1.2.Final}
2022-06-05 12:43:03.451  INFO 12898 --- [main] org.hibernate.dialect.Dialect            : HHH000400: Using dialect: org.hibernate.dialect.H2Dialect
2022-06-05 12:43:04.053  INFO 12898 --- [main] o.h.e.t.j.p.i.JtaPlatformInitiator       : HHH000490: Using JtaPlatform implementation: [org.hibernate.engine.transaction.jta.platform.internal.NoJtaPlatform]
2022-06-05 12:43:04.060  INFO 12898 --- [main] j.LocalContainerEntityManagerFactoryBean : Initialized JPA EntityManagerFactory for persistence unit 'default'
2022-06-05 12:43:04.594  WARN 12898 --- [main] JpaBaseConfiguration$JpaWebConfiguration : spring.jpa.open-in-view is enabled by default. Therefore, database queries may be performed during view rendering. Explicitly configure spring.jpa.open-in-view to disable this warning
2022-06-05 12:43:04.935  INFO 12898 --- [main] o.s.b.w.embedded.tomcat.TomcatWebServer  : Tomcat started on port(s): 8081 (http) with context path '/mbs/v1'
2022-06-05 12:43:04.949  INFO 12898 --- [main] com.raghu.mbs.MbsApplication             : Started MbsApplication in 4.424 seconds (JVM running for 5.362)
2022-06-05 12:43:05.097  INFO 12898 --- [main] org.hibernate.orm.tooling.schema         : acceptMovieDetails method is triggered
2022-06-05 12:43:05.113  INFO 12898 --- [main] com.raghu.mbs.MbsApplication             : I am writing an info log
2022-06-05 12:43:05.113  WARN 12898 --- [main] com.raghu.mbs.MbsApplication             : I amw writing a warning log
2022-06-05 12:43:05.114 ERROR 12898 --- [main] com.raghu.mbs.MbsApplication             : I am writing an error log
2022-06-05 12:50:39.471  INFO 12898 --- [SpringApplicationShutdownHook] j.LocalContainerEntityManagerFactoryBean : Closing JPA EntityManagerFactory for persistence unit 'default'
2022-06-05 12:50:39.478  INFO 12898 --- [SpringApplicationShutdownHook] com.zaxxer.hikari.HikariDataSource       : HikariPool-1 - Shutdown initiated...
2022-06-05 12:50:39.511  INFO 12898 --- [SpringApplicationShutdownHook] com.zaxxer.hikari.HikariDataSource       : HikariPool-1 - Shutdown completed.
2022-06-05 12:50:44.898  INFO 13499 --- [main] com.raghu.mbs.MbsApplication             : Starting MbsApplication using Java 11.0.12 on raghu-HP-Spectre-x360-Convertible-13-ac0XX with PID 13499 (/home/raghu/Documents/mbs/target/classes started by raghu in /home/raghu/Documents/mbs)
2022-06-05 12:50:44.903  INFO 13499 --- [main] com.raghu.mbs.MbsApplication             : No active profile set, falling back to default profiles: default
2022-06-05 12:50:46.550  INFO 13499 --- [main] .s.d.r.c.RepositoryConfigurationDelegate : Bootstrapping Spring Data JPA repositories in DEFAULT mode.
2022-06-05 12:50:46.693  INFO 13499 --- [main] .s.d.r.c.RepositoryConfigurationDelegate : Finished Spring Data repository scanning in 130 ms. Found 11 JPA repository interfaces.
2022-06-05 12:50:47.593  INFO 13499 --- [main] o.s.b.w.embedded.tomcat.TomcatWebServer  : Tomcat initialized with port(s): 8081 (http)
2022-06-05 12:50:47.602  INFO 13499 --- [main] o.apache.catalina.core.StandardService   : Starting service [Tomcat]
2022-06-05 12:50:47.602  INFO 13499 --- [main] org.apache.catalina.core.StandardEngine  : Starting Servlet engine: [Apache Tomcat/9.0.53]
2022-06-05 12:50:47.738  INFO 13499 --- [main] o.a.c.c.C.[.[localhost].[/mbs/v1]        : Initializing Spring embedded WebApplicationContext
2022-06-05 12:50:47.738  INFO 13499 --- [main] w.s.c.ServletWebServerApplicationContext : Root WebApplicationContext: initialization completed in 2721 ms
2022-06-05 12:50:47.803  INFO 13499 --- [main] com.zaxxer.hikari.HikariDataSource       : HikariPool-1 - Starting...
2022-06-05 12:50:47.998  INFO 13499 --- [main] com.zaxxer.hikari.HikariDataSource       : HikariPool-1 - Start completed.
2022-06-05 12:50:48.006  INFO 13499 --- [main] o.s.b.a.h2.H2ConsoleAutoConfiguration    : H2 console available at '/h2-console'. Database available at 'jdbc:h2:mem:mbsdb'
2022-06-05 12:50:48.224  INFO 13499 --- [main] o.hibernate.jpa.internal.util.LogHelper  : HHH000204: Processing PersistenceUnitInfo [name: default]
2022-06-05 12:50:48.301  INFO 13499 --- [main] org.hibernate.Version                    : HHH000412: Hibernate ORM core version 5.4.32.Final
2022-06-05 12:50:48.416  INFO 13499 --- [main] o.hibernate.annotations.common.Version   : HCANN000001: Hibernate Commons Annotations {5.1.2.Final}
2022-06-05 12:50:48.629  INFO 13499 --- [main] org.hibernate.dialect.Dialect            : HHH000400: Using dialect: org.hibernate.dialect.H2Dialect
2022-06-05 12:50:49.397  INFO 13499 --- [main] o.h.e.t.j.p.i.JtaPlatformInitiator       : HHH000490: Using JtaPlatform implementation: [org.hibernate.engine.transaction.jta.platform.internal.NoJtaPlatform]
2022-06-05 12:50:49.405  INFO 13499 --- [main] j.LocalContainerEntityManagerFactoryBean : Initialized JPA EntityManagerFactory for persistence unit 'default'
2022-06-05 12:50:50.184  WARN 13499 --- [main] JpaBaseConfiguration$JpaWebConfiguration : spring.jpa.open-in-view is enabled by default. Therefore, database queries may be performed during view rendering. Explicitly configure spring.jpa.open-in-view to disable this warning
2022-06-05 12:50:50.640  INFO 13499 --- [main] o.s.b.w.embedded.tomcat.TomcatWebServer  : Tomcat started on port(s): 8081 (http) with context path '/mbs/v1'
2022-06-05 12:50:50.655  INFO 13499 --- [main] com.raghu.mbs.MbsApplication             : Started MbsApplication in 7.056 seconds (JVM running for 7.923)
2022-06-05 12:50:50.819  INFO 13499 --- [main] org.hibernate.orm.tooling.schema         : acceptMovieDetails method is triggered
2022-06-05 12:50:50.840  INFO 13499 --- [main] com.raghu.mbs.MbsApplication             : I am writing an info log
2022-06-05 12:50:50.840  WARN 13499 --- [main] com.raghu.mbs.MbsApplication             : I amw writing a warning log
2022-06-05 12:50:50.840 ERROR 13499 --- [main] com.raghu.mbs.MbsApplication             : I am writing an error log
2022-06-05 12:51:31.672  INFO 13499 --- [http-nio-8081-exec-1] o.a.c.c.C.[.[localhost].[/mbs/v1]        : Initializing Spring DispatcherServlet 'dispatcherServlet'
2022-06-05 12:51:31.674  INFO 13499 --- [http-nio-8081-exec-1] o.s.web.servlet.DispatcherServlet        : Initializing Servlet 'dispatcherServlet'
2022-06-05 12:51:31.676  INFO 13499 --- [http-nio-8081-exec-1] o.s.web.servlet.DispatcherServlet        : Completed initialization in 1 ms
2022-06-05 12:51:31.685  WARN 13499 --- [http-nio-8081-exec-1] .w.s.m.s.DefaultHandlerExceptionResolver : Resolved [org.springframework.web.HttpRequestMethodNotSupportedException: Request method 'POST' not supported]
2022-06-05 12:52:07.865  INFO 13499 --- [http-nio-8081-exec-3] org.hibernate.orm.tooling.schema         : acceptMovieDetails method is triggered
2022-06-05 13:47:12.472  INFO 13499 --- [SpringApplicationShutdownHook] j.LocalContainerEntityManagerFactoryBean : Closing JPA EntityManagerFactory for persistence unit 'default'
2022-06-05 13:47:12.480  INFO 13499 --- [SpringApplicationShutdownHook] com.zaxxer.hikari.HikariDataSource       : HikariPool-1 - Shutdown initiated...
2022-06-05 13:47:12.539  INFO 13499 --- [SpringApplicationShutdownHook] com.zaxxer.hikari.HikariDataSource       : HikariPool-1 - Shutdown completed.
2022-06-05 13:47:18.152  INFO 16036 --- [main] com.raghu.mbs.MbsApplication             : Starting MbsApplication using Java 11.0.12 on raghu-HP-Spectre-x360-Convertible-13-ac0XX with PID 16036 (/home/raghu/Documents/mbs/target/classes started by raghu in /home/raghu/Documents/mbs)
2022-06-05 13:47:18.156  INFO 16036 --- [main] com.raghu.mbs.MbsApplication             : No active profile set, falling back to default profiles: default
2022-06-05 13:47:18.995  INFO 16036 --- [main] .s.d.r.c.RepositoryConfigurationDelegate : Bootstrapping Spring Data JPA repositories in DEFAULT mode.
2022-06-05 13:47:19.105  INFO 16036 --- [main] .s.d.r.c.RepositoryConfigurationDelegate : Finished Spring Data repository scanning in 99 ms. Found 11 JPA repository interfaces.
2022-06-05 13:47:19.769  INFO 16036 --- [main] o.s.b.w.embedded.tomcat.TomcatWebServer  : Tomcat initialized with port(s): 8081 (http)
2022-06-05 13:47:19.778  INFO 16036 --- [main] o.apache.catalina.core.StandardService   : Starting service [Tomcat]
2022-06-05 13:47:19.780  INFO 16036 --- [main] org.apache.catalina.core.StandardEngine  : Starting Servlet engine: [Apache Tomcat/9.0.53]
2022-06-05 13:47:19.873  INFO 16036 --- [main] o.a.c.c.C.[.[localhost].[/mbs/v1]        : Initializing Spring embedded WebApplicationContext
2022-06-05 13:47:19.874  INFO 16036 --- [main] w.s.c.ServletWebServerApplicationContext : Root WebApplicationContext: initialization completed in 1659 ms
2022-06-05 13:47:19.907  INFO 16036 --- [main] com.zaxxer.hikari.HikariDataSource       : HikariPool-1 - Starting...
2022-06-05 13:47:20.036  INFO 16036 --- [main] com.zaxxer.hikari.HikariDataSource       : HikariPool-1 - Start completed.
2022-06-05 13:47:20.046  INFO 16036 --- [main] o.s.b.a.h2.H2ConsoleAutoConfiguration    : H2 console available at '/h2-console'. Database available at 'jdbc:h2:mem:mbsdb'
2022-06-05 13:47:20.178  INFO 16036 --- [main] o.hibernate.jpa.internal.util.LogHelper  : HHH000204: Processing PersistenceUnitInfo [name: default]
2022-06-05 13:47:20.203  INFO 16036 --- [main] org.hibernate.Version                    : HHH000412: Hibernate ORM core version 5.4.32.Final
2022-06-05 13:47:20.313  INFO 16036 --- [main] o.hibernate.annotations.common.Version   : HCANN000001: Hibernate Commons Annotations {5.1.2.Final}
2022-06-05 13:47:20.412  INFO 16036 --- [main] org.hibernate.dialect.Dialect            : HHH000400: Using dialect: org.hibernate.dialect.H2Dialect
2022-06-05 13:47:21.062  INFO 16036 --- [main] o.h.e.t.j.p.i.JtaPlatformInitiator       : HHH000490: Using JtaPlatform implementation: [org.hibernate.engine.transaction.jta.platform.internal.NoJtaPlatform]
2022-06-05 13:47:21.068  INFO 16036 --- [main] j.LocalContainerEntityManagerFactoryBean : Initialized JPA EntityManagerFactory for persistence unit 'default'
2022-06-05 13:47:21.641  WARN 16036 --- [main] JpaBaseConfiguration$JpaWebConfiguration : spring.jpa.open-in-view is enabled by default. Therefore, database queries may be performed during view rendering. Explicitly configure spring.jpa.open-in-view to disable this warning
2022-06-05 13:47:21.949  INFO 16036 --- [main] o.s.b.w.embedded.tomcat.TomcatWebServer  : Tomcat started on port(s): 8081 (http) with context path '/mbs/v1'
2022-06-05 13:47:21.961  INFO 16036 --- [main] com.raghu.mbs.MbsApplication             : Started MbsApplication in 4.291 seconds (JVM running for 5.641)
2022-06-05 13:47:22.109  INFO 16036 --- [main] org.hibernate.orm.tooling.schema         : acceptMovieDetails method is triggered
2022-06-05 13:47:22.129  INFO 16036 --- [main] com.raghu.mbs.MbsApplication             : I am writing an info log
2022-06-05 13:47:22.129  WARN 16036 --- [main] com.raghu.mbs.MbsApplication             : I amw writing a warning log
2022-06-05 13:47:22.129 ERROR 16036 --- [main] com.raghu.mbs.MbsApplication             : I am writing an error log
2022-06-05 13:47:31.245  INFO 16036 --- [http-nio-8081-exec-1] o.a.c.c.C.[.[localhost].[/mbs/v1]        : Initializing Spring DispatcherServlet 'dispatcherServlet'
2022-06-05 13:47:31.246  INFO 16036 --- [http-nio-8081-exec-1] o.s.web.servlet.DispatcherServlet        : Initializing Servlet 'dispatcherServlet'
2022-06-05 13:47:31.250  INFO 16036 --- [http-nio-8081-exec-1] o.s.web.servlet.DispatcherServlet        : Completed initialization in 4 ms
2022-06-05 18:37:14.050  INFO 16036 --- [SpringApplicationShutdownHook] j.LocalContainerEntityManagerFactoryBean : Closing JPA EntityManagerFactory for persistence unit 'default'
2022-06-05 18:37:14.058  INFO 16036 --- [SpringApplicationShutdownHook] com.zaxxer.hikari.HikariDataSource       : HikariPool-1 - Shutdown initiated...
2022-06-05 18:37:14.075  INFO 16036 --- [SpringApplicationShutdownHook] com.zaxxer.hikari.HikariDataSource       : HikariPool-1 - Shutdown completed.
2022-06-05 18:37:19.142  INFO 30004 --- [main] com.raghu.mbs.MbsApplication             : Starting MbsApplication using Java 11.0.12 on raghu-HP-Spectre-x360-Convertible-13-ac0XX with PID 30004 (/home/raghu/Documents/mbs/target/classes started by raghu in /home/raghu/Documents/mbs)
2022-06-05 18:37:19.144  INFO 30004 --- [main] com.raghu.mbs.MbsApplication             : No active profile set, falling back to default profiles: default
2022-06-05 18:37:19.917  INFO 30004 --- [main] .s.d.r.c.RepositoryConfigurationDelegate : Bootstrapping Spring Data JPA repositories in DEFAULT mode.
2022-06-05 18:37:20.030  INFO 30004 --- [main] .s.d.r.c.RepositoryConfigurationDelegate : Finished Spring Data repository scanning in 104 ms. Found 11 JPA repository interfaces.
2022-06-05 18:37:20.558  INFO 30004 --- [main] o.s.b.w.embedded.tomcat.TomcatWebServer  : Tomcat initialized with port(s): 8081 (http)
2022-06-05 18:37:20.564  INFO 30004 --- [main] o.apache.catalina.core.StandardService   : Starting service [Tomcat]
2022-06-05 18:37:20.565  INFO 30004 --- [main] org.apache.catalina.core.StandardEngine  : Starting Servlet engine: [Apache Tomcat/9.0.53]
2022-06-05 18:37:20.613  INFO 30004 --- [main] o.a.c.c.C.[.[localhost].[/mbs/v1]        : Initializing Spring embedded WebApplicationContext
2022-06-05 18:37:20.613  INFO 30004 --- [main] w.s.c.ServletWebServerApplicationContext : Root WebApplicationContext: initialization completed in 1407 ms
2022-06-05 18:37:20.638  INFO 30004 --- [main] com.zaxxer.hikari.HikariDataSource       : HikariPool-1 - Starting...
2022-06-05 18:37:20.716  INFO 30004 --- [main] com.zaxxer.hikari.HikariDataSource       : HikariPool-1 - Start completed.
2022-06-05 18:37:20.720  INFO 30004 --- [main] o.s.b.a.h2.H2ConsoleAutoConfiguration    : H2 console available at '/h2-console'. Database available at 'jdbc:h2:mem:mbsdb'
2022-06-05 18:37:20.829  INFO 30004 --- [main] o.hibernate.jpa.internal.util.LogHelper  : HHH000204: Processing PersistenceUnitInfo [name: default]
2022-06-05 18:37:20.858  INFO 30004 --- [main] org.hibernate.Version                    : HHH000412: Hibernate ORM core version 5.4.32.Final
2022-06-05 18:37:20.930  INFO 30004 --- [main] o.hibernate.annotations.common.Version   : HCANN000001: Hibernate Commons Annotations {5.1.2.Final}
2022-06-05 18:37:21.025  INFO 30004 --- [main] org.hibernate.dialect.Dialect            : HHH000400: Using dialect: org.hibernate.dialect.H2Dialect
2022-06-05 18:37:21.635  INFO 30004 --- [main] o.h.e.t.j.p.i.JtaPlatformInitiator       : HHH000490: Using JtaPlatform implementation: [org.hibernate.engine.transaction.jta.platform.internal.NoJtaPlatform]
2022-06-05 18:37:21.643  INFO 30004 --- [main] j.LocalContainerEntityManagerFactoryBean : Initialized JPA EntityManagerFactory for persistence unit 'default'
2022-06-05 18:37:22.092  WARN 30004 --- [main] JpaBaseConfiguration$JpaWebConfiguration : spring.jpa.open-in-view is enabled by default. Therefore, database queries may be performed during view rendering. Explicitly configure spring.jpa.open-in-view to disable this warning
2022-06-05 18:37:22.370  INFO 30004 --- [main] o.s.b.w.embedded.tomcat.TomcatWebServer  : Tomcat started on port(s): 8081 (http) with context path '/mbs/v1'
2022-06-05 18:37:22.380  INFO 30004 --- [main] com.raghu.mbs.MbsApplication             : Started MbsApplication in 3.622 seconds (JVM running for 4.389)
2022-06-05 18:37:22.487  INFO 30004 --- [main] org.hibernate.orm.tooling.schema         : acceptMovieDetails method is triggered
2022-06-05 18:37:22.501  INFO 30004 --- [main] com.raghu.mbs.MbsApplication             : I am writing an info log
2022-06-05 18:37:22.501  WARN 30004 --- [main] com.raghu.mbs.MbsApplication             : I amw writing a warning log
2022-06-05 18:37:22.501 ERROR 30004 --- [main] com.raghu.mbs.MbsApplication             : I am writing an error log
2022-06-05 18:40:16.585  INFO 30004 --- [SpringApplicationShutdownHook] j.LocalContainerEntityManagerFactoryBean : Closing JPA EntityManagerFactory for persistence unit 'default'
2022-06-05 18:40:16.587  INFO 30004 --- [SpringApplicationShutdownHook] com.zaxxer.hikari.HikariDataSource       : HikariPool-1 - Shutdown initiated...
2022-06-05 18:40:16.590  INFO 30004 --- [SpringApplicationShutdownHook] com.zaxxer.hikari.HikariDataSource       : HikariPool-1 - Shutdown completed.
2022-06-05 18:40:30.523  INFO 30674 --- [main] com.raghu.mbs.MbsApplication             : Starting MbsApplication using Java 11.0.12 on raghu-HP-Spectre-x360-Convertible-13-ac0XX with PID 30674 (/home/raghu/Documents/mbs/target/classes started by raghu in /home/raghu/Documents/mbs)
2022-06-05 18:40:30.526  INFO 30674 --- [main] com.raghu.mbs.MbsApplication             : No active profile set, falling back to default profiles: default
2022-06-05 18:40:31.931  INFO 30674 --- [main] .s.d.r.c.RepositoryConfigurationDelegate : Bootstrapping Spring Data JPA repositories in DEFAULT mode.
2022-06-05 18:40:32.081  INFO 30674 --- [main] .s.d.r.c.RepositoryConfigurationDelegate : Finished Spring Data repository scanning in 133 ms. Found 11 JPA repository interfaces.
2022-06-05 18:40:32.890  INFO 30674 --- [main] o.s.b.w.embedded.tomcat.TomcatWebServer  : Tomcat initialized with port(s): 8081 (http)
2022-06-05 18:40:32.897  INFO 30674 --- [main] o.apache.catalina.core.StandardService   : Starting service [Tomcat]
2022-06-05 18:40:32.898  INFO 30674 --- [main] org.apache.catalina.core.StandardEngine  : Starting Servlet engine: [Apache Tomcat/9.0.53]
2022-06-05 18:40:32.967  INFO 30674 --- [main] o.a.c.c.C.[.[localhost].[/mbs/v1]        : Initializing Spring embedded WebApplicationContext
2022-06-05 18:40:32.967  INFO 30674 --- [main] w.s.c.ServletWebServerApplicationContext : Root WebApplicationContext: initialization completed in 2332 ms
2022-06-05 18:40:33.006  INFO 30674 --- [main] com.zaxxer.hikari.HikariDataSource       : HikariPool-1 - Starting...
2022-06-05 18:40:33.100  INFO 30674 --- [main] com.zaxxer.hikari.HikariDataSource       : HikariPool-1 - Start completed.
2022-06-05 18:40:33.109  INFO 30674 --- [main] o.s.b.a.h2.H2ConsoleAutoConfiguration    : H2 console available at '/h2-console'. Database available at 'jdbc:h2:mem:mbsdb'
2022-06-05 18:40:33.283  INFO 30674 --- [main] o.hibernate.jpa.internal.util.LogHelper  : HHH000204: Processing PersistenceUnitInfo [name: default]
2022-06-05 18:40:33.330  INFO 30674 --- [main] org.hibernate.Version                    : HHH000412: Hibernate ORM core version 5.4.32.Final
2022-06-05 18:40:33.427  INFO 30674 --- [main] o.hibernate.annotations.common.Version   : HCANN000001: Hibernate Commons Annotations {5.1.2.Final}
2022-06-05 18:40:33.534  INFO 30674 --- [main] org.hibernate.dialect.Dialect            : HHH000400: Using dialect: org.hibernate.dialect.H2Dialect
2022-06-05 18:40:34.386  INFO 30674 --- [main] o.h.e.t.j.p.i.JtaPlatformInitiator       : HHH000490: Using JtaPlatform implementation: [org.hibernate.engine.transaction.jta.platform.internal.NoJtaPlatform]
2022-06-05 18:40:34.397  INFO 30674 --- [main] j.LocalContainerEntityManagerFactoryBean : Initialized JPA EntityManagerFactory for persistence unit 'default'
2022-06-05 18:40:34.997  WARN 30674 --- [main] JpaBaseConfiguration$JpaWebConfiguration : spring.jpa.open-in-view is enabled by default. Therefore, database queries may be performed during view rendering. Explicitly configure spring.jpa.open-in-view to disable this warning
2022-06-05 18:40:35.363  INFO 30674 --- [main] .s.s.UserDetailsServiceAutoConfiguration : 

Using generated security password: fd90f986-e453-4648-874d-fc3d7eb3e2d6

2022-06-05 18:40:35.481  INFO 30674 --- [main] o.s.s.web.DefaultSecurityFilterChain     : Will secure any request with [org.springframework.security.web.context.request.async.WebAsyncManagerIntegrationFilter@4cd1716d, org.springframework.security.web.context.SecurityContextPersistenceFilter@6686507b, org.springframework.security.web.header.HeaderWriterFilter@7ffc4195, org.springframework.security.web.csrf.CsrfFilter@5b31a9e3, org.springframework.security.web.authentication.logout.LogoutFilter@571c7572, org.springframework.security.web.authentication.UsernamePasswordAuthenticationFilter@39fc17be, org.springframework.security.web.authentication.ui.DefaultLoginPageGeneratingFilter@5d9d8ecf, org.springframework.security.web.authentication.ui.DefaultLogoutPageGeneratingFilter@3e1c5e0d, org.springframework.security.web.authentication.www.BasicAuthenticationFilter@eb6ccbc, org.springframework.security.web.savedrequest.RequestCacheAwareFilter@2e5c7cd5, org.springframework.security.web.servletapi.SecurityContextHolderAwareRequestFilter@2aac87ab, org.springframework.security.web.authentication.AnonymousAuthenticationFilter@6f7a65e, org.springframework.security.web.session.SessionManagementFilter@3e4636c3, org.springframework.security.web.access.ExceptionTranslationFilter@a11efe6, org.springframework.security.web.access.intercept.FilterSecurityInterceptor@7bc6b117]
2022-06-05 18:40:35.543  INFO 30674 --- [main] o.s.b.w.embedded.tomcat.TomcatWebServer  : Tomcat started on port(s): 8081 (http) with context path '/mbs/v1'
2022-06-05 18:40:35.554  INFO 30674 --- [main] com.raghu.mbs.MbsApplication             : Started MbsApplication in 5.829 seconds (JVM running for 7.985)
2022-06-05 18:40:35.773  INFO 30674 --- [main] org.hibernate.orm.tooling.schema         : acceptMovieDetails method is triggered
2022-06-05 18:40:35.804  INFO 30674 --- [main] com.raghu.mbs.MbsApplication             : I am writing an info log
2022-06-05 18:40:35.804  WARN 30674 --- [main] com.raghu.mbs.MbsApplication             : I amw writing a warning log
2022-06-05 18:40:35.804 ERROR 30674 --- [main] com.raghu.mbs.MbsApplication             : I am writing an error log
2022-06-05 18:43:59.289  INFO 30674 --- [http-nio-8081-exec-1] o.a.c.c.C.[.[localhost].[/mbs/v1]        : Initializing Spring DispatcherServlet 'dispatcherServlet'
2022-06-05 18:43:59.289  INFO 30674 --- [http-nio-8081-exec-1] o.s.web.servlet.DispatcherServlet        : Initializing Servlet 'dispatcherServlet'
2022-06-05 18:43:59.290  INFO 30674 --- [http-nio-8081-exec-1] o.s.web.servlet.DispatcherServlet        : Completed initialization in 1 ms
2022-06-05 19:24:46.953  INFO 30674 --- [SpringApplicationShutdownHook] j.LocalContainerEntityManagerFactoryBean : Closing JPA EntityManagerFactory for persistence unit 'default'
2022-06-05 19:24:46.957  INFO 30674 --- [SpringApplicationShutdownHook] com.zaxxer.hikari.HikariDataSource       : HikariPool-1 - Shutdown initiated...
2022-06-05 19:24:46.959  INFO 30674 --- [SpringApplicationShutdownHook] com.zaxxer.hikari.HikariDataSource       : HikariPool-1 - Shutdown completed.
2022-06-05 19:24:53.601  INFO 33264 --- [main] com.raghu.mbs.MbsApplication             : Starting MbsApplication using Java 11.0.12 on raghu-HP-Spectre-x360-Convertible-13-ac0XX with PID 33264 (/home/raghu/Documents/mbs/target/classes started by raghu in /home/raghu/Documents/mbs)
2022-06-05 19:24:53.611  INFO 33264 --- [main] com.raghu.mbs.MbsApplication             : No active profile set, falling back to default profiles: default
2022-06-05 19:24:54.596  INFO 33264 --- [main] .s.d.r.c.RepositoryConfigurationDelegate : Bootstrapping Spring Data JPA repositories in DEFAULT mode.
2022-06-05 19:24:54.659  INFO 33264 --- [main] .s.d.r.c.RepositoryConfigurationDelegate : Finished Spring Data repository scanning in 58 ms. Found 11 JPA repository interfaces.
2022-06-05 19:24:55.032  INFO 33264 --- [main] o.s.b.w.embedded.tomcat.TomcatWebServer  : Tomcat initialized with port(s): 8081 (http)
2022-06-05 19:24:55.040  INFO 33264 --- [main] o.apache.catalina.core.StandardService   : Starting service [Tomcat]
2022-06-05 19:24:55.040  INFO 33264 --- [main] org.apache.catalina.core.StandardEngine  : Starting Servlet engine: [Apache Tomcat/9.0.53]
2022-06-05 19:24:55.107  INFO 33264 --- [main] o.a.c.c.C.[.[localhost].[/mbs/v1]        : Initializing Spring embedded WebApplicationContext
2022-06-05 19:24:55.108  INFO 33264 --- [main] w.s.c.ServletWebServerApplicationContext : Root WebApplicationContext: initialization completed in 1384 ms
2022-06-05 19:24:55.133  INFO 33264 --- [main] com.zaxxer.hikari.HikariDataSource       : HikariPool-1 - Starting...
2022-06-05 19:24:55.200  INFO 33264 --- [main] com.zaxxer.hikari.HikariDataSource       : HikariPool-1 - Start completed.
2022-06-05 19:24:55.204  INFO 33264 --- [main] o.s.b.a.h2.H2ConsoleAutoConfiguration    : H2 console available at '/h2-console'. Database available at 'jdbc:h2:mem:mbsdb'
2022-06-05 19:24:55.343  INFO 33264 --- [main] o.hibernate.jpa.internal.util.LogHelper  : HHH000204: Processing PersistenceUnitInfo [name: default]
2022-06-05 19:24:55.371  INFO 33264 --- [main] org.hibernate.Version                    : HHH000412: Hibernate ORM core version 5.4.32.Final
2022-06-05 19:24:55.438  INFO 33264 --- [main] o.hibernate.annotations.common.Version   : HCANN000001: Hibernate Commons Annotations {5.1.2.Final}
2022-06-05 19:24:55.529  INFO 33264 --- [main] org.hibernate.dialect.Dialect            : HHH000400: Using dialect: org.hibernate.dialect.H2Dialect
2022-06-05 19:24:56.065  INFO 33264 --- [main] o.h.e.t.j.p.i.JtaPlatformInitiator       : HHH000490: Using JtaPlatform implementation: [org.hibernate.engine.transaction.jta.platform.internal.NoJtaPlatform]
2022-06-05 19:24:56.072  INFO 33264 --- [main] j.LocalContainerEntityManagerFactoryBean : Initialized JPA EntityManagerFactory for persistence unit 'default'
2022-06-05 19:24:56.413  WARN 33264 --- [main] JpaBaseConfiguration$JpaWebConfiguration : spring.jpa.open-in-view is enabled by default. Therefore, database queries may be performed during view rendering. Explicitly configure spring.jpa.open-in-view to disable this warning
2022-06-05 19:24:56.791  INFO 33264 --- [main] o.s.s.web.DefaultSecurityFilterChain     : Will secure any request with [org.springframework.security.web.context.request.async.WebAsyncManagerIntegrationFilter@23e0c200, org.springframework.security.web.context.SecurityContextPersistenceFilter@2f498f21, org.springframework.security.web.header.HeaderWriterFilter@6a562255, org.springframework.security.web.csrf.CsrfFilter@73c09a98, org.springframework.security.web.authentication.logout.LogoutFilter@65a66a75, org.springframework.security.web.savedrequest.RequestCacheAwareFilter@50caeb4b, org.springframework.security.web.servletapi.SecurityContextHolderAwareRequestFilter@5b324447, org.springframework.security.web.authentication.AnonymousAuthenticationFilter@25d23478, org.springframework.security.web.session.SessionManagementFilter@314c28dc, org.springframework.security.web.access.ExceptionTranslationFilter@abf1816, org.springframework.security.web.access.intercept.FilterSecurityInterceptor@5008559a]
2022-06-05 19:24:57.124  INFO 33264 --- [main] o.s.b.w.embedded.tomcat.TomcatWebServer  : Tomcat started on port(s): 8081 (http) with context path '/mbs/v1'
2022-06-05 19:24:57.138  INFO 33264 --- [main] com.raghu.mbs.MbsApplication             : Started MbsApplication in 4.068 seconds (JVM running for 5.067)
2022-06-05 19:24:57.263  INFO 33264 --- [main] org.hibernate.orm.tooling.schema         : acceptMovieDetails method is triggered
2022-06-05 19:24:57.277  INFO 33264 --- [main] com.raghu.mbs.MbsApplication             : I am writing an info log
2022-06-05 19:24:57.277  WARN 33264 --- [main] com.raghu.mbs.MbsApplication             : I amw writing a warning log
2022-06-05 19:24:57.277 ERROR 33264 --- [main] com.raghu.mbs.MbsApplication             : I am writing an error log
2022-06-05 19:32:55.336  INFO 33264 --- [SpringApplicationShutdownHook] j.LocalContainerEntityManagerFactoryBean : Closing JPA EntityManagerFactory for persistence unit 'default'
2022-06-05 19:32:55.341  INFO 33264 --- [SpringApplicationShutdownHook] com.zaxxer.hikari.HikariDataSource       : HikariPool-1 - Shutdown initiated...
2022-06-05 19:32:55.345  INFO 33264 --- [SpringApplicationShutdownHook] com.zaxxer.hikari.HikariDataSource       : HikariPool-1 - Shutdown completed.
2022-06-05 19:32:59.628  INFO 33822 --- [main] com.raghu.mbs.MbsApplication             : Starting MbsApplication using Java 11.0.12 on raghu-HP-Spectre-x360-Convertible-13-ac0XX with PID 33822 (/home/raghu/Documents/mbs/target/classes started by raghu in /home/raghu/Documents/mbs)
2022-06-05 19:32:59.634  INFO 33822 --- [main] com.raghu.mbs.MbsApplication             : No active profile set, falling back to default profiles: default
2022-06-05 19:33:00.572  INFO 33822 --- [main] .s.d.r.c.RepositoryConfigurationDelegate : Bootstrapping Spring Data JPA repositories in DEFAULT mode.
2022-06-05 19:33:00.698  INFO 33822 --- [main] .s.d.r.c.RepositoryConfigurationDelegate : Finished Spring Data repository scanning in 116 ms. Found 11 JPA repository interfaces.
2022-06-05 19:33:01.120  INFO 33822 --- [main] o.s.b.w.embedded.tomcat.TomcatWebServer  : Tomcat initialized with port(s): 8081 (http)
2022-06-05 19:33:01.127  INFO 33822 --- [main] o.apache.catalina.core.StandardService   : Starting service [Tomcat]
2022-06-05 19:33:01.128  INFO 33822 --- [main] org.apache.catalina.core.StandardEngine  : Starting Servlet engine: [Apache Tomcat/9.0.53]
2022-06-05 19:33:01.172  INFO 33822 --- [main] o.a.c.c.C.[.[localhost].[/mbs/v1]        : Initializing Spring embedded WebApplicationContext
2022-06-05 19:33:01.173  INFO 33822 --- [main] w.s.c.ServletWebServerApplicationContext : Root WebApplicationContext: initialization completed in 1425 ms
2022-06-05 19:33:01.201  INFO 33822 --- [main] com.zaxxer.hikari.HikariDataSource       : HikariPool-1 - Starting...
2022-06-05 19:33:01.311  INFO 33822 --- [main] com.zaxxer.hikari.HikariDataSource       : HikariPool-1 - Start completed.
2022-06-05 19:33:01.315  INFO 33822 --- [main] o.s.b.a.h2.H2ConsoleAutoConfiguration    : H2 console available at '/h2-console'. Database available at 'jdbc:h2:mem:mbsdb'
2022-06-05 19:33:01.439  INFO 33822 --- [main] o.hibernate.jpa.internal.util.LogHelper  : HHH000204: Processing PersistenceUnitInfo [name: default]
2022-06-05 19:33:01.466  INFO 33822 --- [main] org.hibernate.Version                    : HHH000412: Hibernate ORM core version 5.4.32.Final
2022-06-05 19:33:01.556  INFO 33822 --- [main] o.hibernate.annotations.common.Version   : HCANN000001: Hibernate Commons Annotations {5.1.2.Final}
2022-06-05 19:33:01.618  INFO 33822 --- [main] org.hibernate.dialect.Dialect            : HHH000400: Using dialect: org.hibernate.dialect.H2Dialect
2022-06-05 19:33:02.274  INFO 33822 --- [main] o.h.e.t.j.p.i.JtaPlatformInitiator       : HHH000490: Using JtaPlatform implementation: [org.hibernate.engine.transaction.jta.platform.internal.NoJtaPlatform]
2022-06-05 19:33:02.286  INFO 33822 --- [main] j.LocalContainerEntityManagerFactoryBean : Initialized JPA EntityManagerFactory for persistence unit 'default'
2022-06-05 19:33:02.722  WARN 33822 --- [main] JpaBaseConfiguration$JpaWebConfiguration : spring.jpa.open-in-view is enabled by default. Therefore, database queries may be performed during view rendering. Explicitly configure spring.jpa.open-in-view to disable this warning
2022-06-05 19:33:02.902  WARN 33822 --- [main] ConfigServletWebServerApplicationContext : Exception encountered during context initialization - cancelling refresh attempt: org.springframework.beans.factory.BeanCreationException: Error creating bean with name 'springSecurityFilterChain' defined in class path resource [org/springframework/security/config/annotation/web/configuration/WebSecurityConfiguration.class]: Bean instantiation via factory method failed; nested exception is org.springframework.beans.BeanInstantiationException: Failed to instantiate [javax.servlet.Filter]: Factory method 'springSecurityFilterChain' threw exception; nested exception is java.lang.IllegalArgumentException: Cannot pass a null GrantedAuthority collection
2022-06-05 19:33:02.903  INFO 33822 --- [main] j.LocalContainerEntityManagerFactoryBean : Closing JPA EntityManagerFactory for persistence unit 'default'
2022-06-05 19:33:02.905  INFO 33822 --- [main] com.zaxxer.hikari.HikariDataSource       : HikariPool-1 - Shutdown initiated...
2022-06-05 19:33:02.908  INFO 33822 --- [main] com.zaxxer.hikari.HikariDataSource       : HikariPool-1 - Shutdown completed.
2022-06-05 19:33:02.909  INFO 33822 --- [main] o.apache.catalina.core.StandardService   : Stopping service [Tomcat]
2022-06-05 19:33:02.918  INFO 33822 --- [main] ConditionEvaluationReportLoggingListener : 

Error starting ApplicationContext. To display the conditions report re-run your application with 'debug' enabled.
2022-06-05 19:33:02.937 ERROR 33822 --- [main] o.s.boot.SpringApplication               : Application run failed

org.springframework.beans.factory.BeanCreationException: Error creating bean with name 'springSecurityFilterChain' defined in class path resource [org/springframework/security/config/annotation/web/configuration/WebSecurityConfiguration.class]: Bean instantiation via factory method failed; nested exception is org.springframework.beans.BeanInstantiationException: Failed to instantiate [javax.servlet.Filter]: Factory method 'springSecurityFilterChain' threw exception; nested exception is java.lang.IllegalArgumentException: Cannot pass a null GrantedAuthority collection
	at org.springframework.beans.factory.support.ConstructorResolver.instantiate(ConstructorResolver.java:658) ~[spring-beans-5.3.10.jar:5.3.10]
	at org.springframework.beans.factory.support.ConstructorResolver.instantiateUsingFactoryMethod(ConstructorResolver.java:486) ~[spring-beans-5.3.10.jar:5.3.10]
	at org.springframework.beans.factory.support.AbstractAutowireCapableBeanFactory.instantiateUsingFactoryMethod(AbstractAutowireCapableBeanFactory.java:1352) ~[spring-beans-5.3.10.jar:5.3.10]
	at org.springframework.beans.factory.support.AbstractAutowireCapableBeanFactory.createBeanInstance(AbstractAutowireCapableBeanFactory.java:1195) ~[spring-beans-5.3.10.jar:5.3.10]
	at org.springframework.beans.factory.support.AbstractAutowireCapableBeanFactory.doCreateBean(AbstractAutowireCapableBeanFactory.java:582) ~[spring-beans-5.3.10.jar:5.3.10]
	at org.springframework.beans.factory.support.AbstractAutowireCapableBeanFactory.createBean(AbstractAutowireCapableBeanFactory.java:542) ~[spring-beans-5.3.10.jar:5.3.10]
	at org.springframework.beans.factory.support.AbstractBeanFactory.lambda$doGetBean$0(AbstractBeanFactory.java:335) ~[spring-beans-5.3.10.jar:5.3.10]
	at org.springframework.beans.factory.support.DefaultSingletonBeanRegistry.getSingleton(DefaultSingletonBeanRegistry.java:234) ~[spring-beans-5.3.10.jar:5.3.10]
	at org.springframework.beans.factory.support.AbstractBeanFactory.doGetBean(AbstractBeanFactory.java:333) ~[spring-beans-5.3.10.jar:5.3.10]
	at org.springframework.beans.factory.support.AbstractBeanFactory.getBean(AbstractBeanFactory.java:208) ~[spring-beans-5.3.10.jar:5.3.10]
	at org.springframework.beans.factory.support.AbstractBeanFactory.doGetBean(AbstractBeanFactory.java:322) ~[spring-beans-5.3.10.jar:5.3.10]
	at org.springframework.beans.factory.support.AbstractBeanFactory.getBean(AbstractBeanFactory.java:208) ~[spring-beans-5.3.10.jar:5.3.10]
	at org.springframework.beans.factory.support.DefaultListableBeanFactory.preInstantiateSingletons(DefaultListableBeanFactory.java:944) ~[spring-beans-5.3.10.jar:5.3.10]
	at org.springframework.context.support.AbstractApplicationContext.finishBeanFactoryInitialization(AbstractApplicationContext.java:918) ~[spring-context-5.3.10.jar:5.3.10]
	at org.springframework.context.support.AbstractApplicationContext.refresh(AbstractApplicationContext.java:583) ~[spring-context-5.3.10.jar:5.3.10]
	at org.springframework.boot.web.servlet.context.ServletWebServerApplicationContext.refresh(ServletWebServerApplicationContext.java:145) ~[spring-boot-2.5.5.jar:2.5.5]
	at org.springframework.boot.SpringApplication.refresh(SpringApplication.java:754) ~[spring-boot-2.5.5.jar:2.5.5]
	at org.springframework.boot.SpringApplication.refreshContext(SpringApplication.java:434) ~[spring-boot-2.5.5.jar:2.5.5]
	at org.springframework.boot.SpringApplication.run(SpringApplication.java:338) ~[spring-boot-2.5.5.jar:2.5.5]
	at org.springframework.boot.SpringApplication.run(SpringApplication.java:1343) ~[spring-boot-2.5.5.jar:2.5.5]
	at org.springframework.boot.SpringApplication.run(SpringApplication.java:1332) ~[spring-boot-2.5.5.jar:2.5.5]
	at com.raghu.mbs.MbsApplication.main(MbsApplication.java:31) ~[classes/:na]
Caused by: org.springframework.beans.BeanInstantiationException: Failed to instantiate [javax.servlet.Filter]: Factory method 'springSecurityFilterChain' threw exception; nested exception is java.lang.IllegalArgumentException: Cannot pass a null GrantedAuthority collection
	at org.springframework.beans.factory.support.SimpleInstantiationStrategy.instantiate(SimpleInstantiationStrategy.java:185) ~[spring-beans-5.3.10.jar:5.3.10]
	at org.springframework.beans.factory.support.ConstructorResolver.instantiate(ConstructorResolver.java:653) ~[spring-beans-5.3.10.jar:5.3.10]
	... 21 common frames omitted
Caused by: java.lang.IllegalArgumentException: Cannot pass a null GrantedAuthority collection
	at org.springframework.util.Assert.notNull(Assert.java:201) ~[spring-core-5.3.10.jar:5.3.10]
	at org.springframework.security.core.userdetails.User.sortAuthorities(User.java:162) ~[spring-security-core-5.5.2.jar:5.5.2]
	at org.springframework.security.core.userdetails.User.<init>(User.java:118) ~[spring-security-core-5.5.2.jar:5.5.2]
	at org.springframework.security.core.userdetails.User$UserBuilder.build(User.java:504) ~[spring-security-core-5.5.2.jar:5.5.2]
	at org.springframework.security.config.annotation.authentication.configurers.provisioning.UserDetailsManagerConfigurer$UserDetailsBuilder.build(UserDetailsManagerConfigurer.java:266) ~[spring-security-config-5.5.2.jar:5.5.2]
	at org.springframework.security.config.annotation.authentication.configurers.provisioning.UserDetailsManagerConfigurer.initUserDetailsService(UserDetailsManagerConfigurer.java:59) ~[spring-security-config-5.5.2.jar:5.5.2]
	at org.springframework.security.config.annotation.authentication.configurers.userdetails.UserDetailsServiceConfigurer.configure(UserDetailsServiceConfigurer.java:47) ~[spring-security-config-5.5.2.jar:5.5.2]
	at org.springframework.security.config.annotation.authentication.configurers.userdetails.UserDetailsServiceConfigurer.configure(UserDetailsServiceConfigurer.java:34) ~[spring-security-config-5.5.2.jar:5.5.2]
	at org.springframework.security.config.annotation.AbstractConfiguredSecurityBuilder.configure(AbstractConfiguredSecurityBuilder.java:349) ~[spring-security-config-5.5.2.jar:5.5.2]
	at org.springframework.security.config.annotation.AbstractConfiguredSecurityBuilder.doBuild(AbstractConfiguredSecurityBuilder.java:303) ~[spring-security-config-5.5.2.jar:5.5.2]
	at org.springframework.security.config.annotation.AbstractSecurityBuilder.build(AbstractSecurityBuilder.java:38) ~[spring-security-config-5.5.2.jar:5.5.2]
	at org.springframework.security.config.annotation.authentication.configuration.AuthenticationConfiguration.getAuthenticationManager(AuthenticationConfiguration.java:121) ~[spring-security-config-5.5.2.jar:5.5.2]
	at org.springframework.security.config.annotation.web.configuration.WebSecurityConfigurerAdapter.authenticationManager(WebSecurityConfigurerAdapter.java:266) ~[spring-security-config-5.5.2.jar:5.5.2]
	at org.springframework.security.config.annotation.web.configuration.WebSecurityConfigurerAdapter.getHttp(WebSecurityConfigurerAdapter.java:204) ~[spring-security-config-5.5.2.jar:5.5.2]
	at org.springframework.security.config.annotation.web.configuration.WebSecurityConfigurerAdapter.init(WebSecurityConfigurerAdapter.java:315) ~[spring-security-config-5.5.2.jar:5.5.2]
	at org.springframework.security.config.annotation.web.configuration.WebSecurityConfigurerAdapter.init(WebSecurityConfigurerAdapter.java:93) ~[spring-security-config-5.5.2.jar:5.5.2]
	at com.raghu.mbs.securityconfigs.ApiSecurityConfig$$EnhancerBySpringCGLIB$$b31c13d4.init(<generated>) ~[classes/:na]
	at org.springframework.security.config.annotation.AbstractConfiguredSecurityBuilder.init(AbstractConfiguredSecurityBuilder.java:338) ~[spring-security-config-5.5.2.jar:5.5.2]
	at org.springframework.security.config.annotation.AbstractConfiguredSecurityBuilder.doBuild(AbstractConfiguredSecurityBuilder.java:300) ~[spring-security-config-5.5.2.jar:5.5.2]
	at org.springframework.security.config.annotation.AbstractSecurityBuilder.build(AbstractSecurityBuilder.java:38) ~[spring-security-config-5.5.2.jar:5.5.2]
	at org.springframework.security.config.annotation.web.configuration.WebSecurityConfiguration.springSecurityFilterChain(WebSecurityConfiguration.java:127) ~[spring-security-config-5.5.2.jar:5.5.2]
	at java.base/jdk.internal.reflect.NativeMethodAccessorImpl.invoke0(Native Method) ~[na:na]
	at java.base/jdk.internal.reflect.NativeMethodAccessorImpl.invoke(NativeMethodAccessorImpl.java:62) ~[na:na]
	at java.base/jdk.internal.reflect.DelegatingMethodAccessorImpl.invoke(DelegatingMethodAccessorImpl.java:43) ~[na:na]
	at java.base/java.lang.reflect.Method.invoke(Method.java:566) ~[na:na]
	at org.springframework.beans.factory.support.SimpleInstantiationStrategy.instantiate(SimpleInstantiationStrategy.java:154) ~[spring-beans-5.3.10.jar:5.3.10]
	... 22 common frames omitted

2022-06-05 19:34:18.734  INFO 34042 --- [main] com.raghu.mbs.MbsApplication             : Starting MbsApplication using Java 11.0.12 on raghu-HP-Spectre-x360-Convertible-13-ac0XX with PID 34042 (/home/raghu/Documents/mbs/target/classes started by raghu in /home/raghu/Documents/mbs)
2022-06-05 19:34:18.757  INFO 34042 --- [main] com.raghu.mbs.MbsApplication             : No active profile set, falling back to default profiles: default
2022-06-05 19:34:20.225  INFO 34042 --- [main] .s.d.r.c.RepositoryConfigurationDelegate : Bootstrapping Spring Data JPA repositories in DEFAULT mode.
2022-06-05 19:34:20.335  INFO 34042 --- [main] .s.d.r.c.RepositoryConfigurationDelegate : Finished Spring Data repository scanning in 100 ms. Found 11 JPA repository interfaces.
2022-06-05 19:34:20.846  INFO 34042 --- [main] o.s.b.w.embedded.tomcat.TomcatWebServer  : Tomcat initialized with port(s): 8081 (http)
2022-06-05 19:34:20.852  INFO 34042 --- [main] o.apache.catalina.core.StandardService   : Starting service [Tomcat]
2022-06-05 19:34:20.853  INFO 34042 --- [main] org.apache.catalina.core.StandardEngine  : Starting Servlet engine: [Apache Tomcat/9.0.53]
2022-06-05 19:34:20.942  INFO 34042 --- [main] o.a.c.c.C.[.[localhost].[/mbs/v1]        : Initializing Spring embedded WebApplicationContext
2022-06-05 19:34:20.943  INFO 34042 --- [main] w.s.c.ServletWebServerApplicationContext : Root WebApplicationContext: initialization completed in 2026 ms
2022-06-05 19:34:20.977  INFO 34042 --- [main] com.zaxxer.hikari.HikariDataSource       : HikariPool-1 - Starting...
2022-06-05 19:34:21.099  INFO 34042 --- [main] com.zaxxer.hikari.HikariDataSource       : HikariPool-1 - Start completed.
2022-06-05 19:34:21.108  INFO 34042 --- [main] o.s.b.a.h2.H2ConsoleAutoConfiguration    : H2 console available at '/h2-console'. Database available at 'jdbc:h2:mem:mbsdb'
2022-06-05 19:34:21.250  INFO 34042 --- [main] o.hibernate.jpa.internal.util.LogHelper  : HHH000204: Processing PersistenceUnitInfo [name: default]
2022-06-05 19:34:21.288  INFO 34042 --- [main] org.hibernate.Version                    : HHH000412: Hibernate ORM core version 5.4.32.Final
2022-06-05 19:34:21.391  INFO 34042 --- [main] o.hibernate.annotations.common.Version   : HCANN000001: Hibernate Commons Annotations {5.1.2.Final}
2022-06-05 19:34:21.486  INFO 34042 --- [main] org.hibernate.dialect.Dialect            : HHH000400: Using dialect: org.hibernate.dialect.H2Dialect
2022-06-05 19:34:22.172  INFO 34042 --- [main] o.h.e.t.j.p.i.JtaPlatformInitiator       : HHH000490: Using JtaPlatform implementation: [org.hibernate.engine.transaction.jta.platform.internal.NoJtaPlatform]
2022-06-05 19:34:22.178  INFO 34042 --- [main] j.LocalContainerEntityManagerFactoryBean : Initialized JPA EntityManagerFactory for persistence unit 'default'
2022-06-05 19:34:22.550  WARN 34042 --- [main] JpaBaseConfiguration$JpaWebConfiguration : spring.jpa.open-in-view is enabled by default. Therefore, database queries may be performed during view rendering. Explicitly configure spring.jpa.open-in-view to disable this warning
2022-06-05 19:34:22.790  WARN 34042 --- [main] ConfigServletWebServerApplicationContext : Exception encountered during context initialization - cancelling refresh attempt: org.springframework.beans.factory.BeanCreationException: Error creating bean with name 'springSecurityFilterChain' defined in class path resource [org/springframework/security/config/annotation/web/configuration/WebSecurityConfiguration.class]: Bean instantiation via factory method failed; nested exception is org.springframework.beans.BeanInstantiationException: Failed to instantiate [javax.servlet.Filter]: Factory method 'springSecurityFilterChain' threw exception; nested exception is java.lang.IllegalArgumentException: Cannot pass a null GrantedAuthority collection
2022-06-05 19:34:22.792  INFO 34042 --- [main] j.LocalContainerEntityManagerFactoryBean : Closing JPA EntityManagerFactory for persistence unit 'default'
2022-06-05 19:34:22.794  INFO 34042 --- [main] com.zaxxer.hikari.HikariDataSource       : HikariPool-1 - Shutdown initiated...
2022-06-05 19:34:22.797  INFO 34042 --- [main] com.zaxxer.hikari.HikariDataSource       : HikariPool-1 - Shutdown completed.
2022-06-05 19:34:22.798  INFO 34042 --- [main] o.apache.catalina.core.StandardService   : Stopping service [Tomcat]
2022-06-05 19:34:22.806  INFO 34042 --- [main] ConditionEvaluationReportLoggingListener : 

Error starting ApplicationContext. To display the conditions report re-run your application with 'debug' enabled.
2022-06-05 19:34:22.820 ERROR 34042 --- [main] o.s.boot.SpringApplication               : Application run failed

org.springframework.beans.factory.BeanCreationException: Error creating bean with name 'springSecurityFilterChain' defined in class path resource [org/springframework/security/config/annotation/web/configuration/WebSecurityConfiguration.class]: Bean instantiation via factory method failed; nested exception is org.springframework.beans.BeanInstantiationException: Failed to instantiate [javax.servlet.Filter]: Factory method 'springSecurityFilterChain' threw exception; nested exception is java.lang.IllegalArgumentException: Cannot pass a null GrantedAuthority collection
	at org.springframework.beans.factory.support.ConstructorResolver.instantiate(ConstructorResolver.java:658) ~[spring-beans-5.3.10.jar:5.3.10]
	at org.springframework.beans.factory.support.ConstructorResolver.instantiateUsingFactoryMethod(ConstructorResolver.java:486) ~[spring-beans-5.3.10.jar:5.3.10]
	at org.springframework.beans.factory.support.AbstractAutowireCapableBeanFactory.instantiateUsingFactoryMethod(AbstractAutowireCapableBeanFactory.java:1352) ~[spring-beans-5.3.10.jar:5.3.10]
	at org.springframework.beans.factory.support.AbstractAutowireCapableBeanFactory.createBeanInstance(AbstractAutowireCapableBeanFactory.java:1195) ~[spring-beans-5.3.10.jar:5.3.10]
	at org.springframework.beans.factory.support.AbstractAutowireCapableBeanFactory.doCreateBean(AbstractAutowireCapableBeanFactory.java:582) ~[spring-beans-5.3.10.jar:5.3.10]
	at org.springframework.beans.factory.support.AbstractAutowireCapableBeanFactory.createBean(AbstractAutowireCapableBeanFactory.java:542) ~[spring-beans-5.3.10.jar:5.3.10]
	at org.springframework.beans.factory.support.AbstractBeanFactory.lambda$doGetBean$0(AbstractBeanFactory.java:335) ~[spring-beans-5.3.10.jar:5.3.10]
	at org.springframework.beans.factory.support.DefaultSingletonBeanRegistry.getSingleton(DefaultSingletonBeanRegistry.java:234) ~[spring-beans-5.3.10.jar:5.3.10]
	at org.springframework.beans.factory.support.AbstractBeanFactory.doGetBean(AbstractBeanFactory.java:333) ~[spring-beans-5.3.10.jar:5.3.10]
	at org.springframework.beans.factory.support.AbstractBeanFactory.getBean(AbstractBeanFactory.java:208) ~[spring-beans-5.3.10.jar:5.3.10]
	at org.springframework.beans.factory.support.AbstractBeanFactory.doGetBean(AbstractBeanFactory.java:322) ~[spring-beans-5.3.10.jar:5.3.10]
	at org.springframework.beans.factory.support.AbstractBeanFactory.getBean(AbstractBeanFactory.java:208) ~[spring-beans-5.3.10.jar:5.3.10]
	at org.springframework.beans.factory.support.DefaultListableBeanFactory.preInstantiateSingletons(DefaultListableBeanFactory.java:944) ~[spring-beans-5.3.10.jar:5.3.10]
	at org.springframework.context.support.AbstractApplicationContext.finishBeanFactoryInitialization(AbstractApplicationContext.java:918) ~[spring-context-5.3.10.jar:5.3.10]
	at org.springframework.context.support.AbstractApplicationContext.refresh(AbstractApplicationContext.java:583) ~[spring-context-5.3.10.jar:5.3.10]
	at org.springframework.boot.web.servlet.context.ServletWebServerApplicationContext.refresh(ServletWebServerApplicationContext.java:145) ~[spring-boot-2.5.5.jar:2.5.5]
	at org.springframework.boot.SpringApplication.refresh(SpringApplication.java:754) ~[spring-boot-2.5.5.jar:2.5.5]
	at org.springframework.boot.SpringApplication.refreshContext(SpringApplication.java:434) ~[spring-boot-2.5.5.jar:2.5.5]
	at org.springframework.boot.SpringApplication.run(SpringApplication.java:338) ~[spring-boot-2.5.5.jar:2.5.5]
	at org.springframework.boot.SpringApplication.run(SpringApplication.java:1343) ~[spring-boot-2.5.5.jar:2.5.5]
	at org.springframework.boot.SpringApplication.run(SpringApplication.java:1332) ~[spring-boot-2.5.5.jar:2.5.5]
	at com.raghu.mbs.MbsApplication.main(MbsApplication.java:31) ~[classes/:na]
Caused by: org.springframework.beans.BeanInstantiationException: Failed to instantiate [javax.servlet.Filter]: Factory method 'springSecurityFilterChain' threw exception; nested exception is java.lang.IllegalArgumentException: Cannot pass a null GrantedAuthority collection
	at org.springframework.beans.factory.support.SimpleInstantiationStrategy.instantiate(SimpleInstantiationStrategy.java:185) ~[spring-beans-5.3.10.jar:5.3.10]
	at org.springframework.beans.factory.support.ConstructorResolver.instantiate(ConstructorResolver.java:653) ~[spring-beans-5.3.10.jar:5.3.10]
	... 21 common frames omitted
Caused by: java.lang.IllegalArgumentException: Cannot pass a null GrantedAuthority collection
	at org.springframework.util.Assert.notNull(Assert.java:201) ~[spring-core-5.3.10.jar:5.3.10]
	at org.springframework.security.core.userdetails.User.sortAuthorities(User.java:162) ~[spring-security-core-5.5.2.jar:5.5.2]
	at org.springframework.security.core.userdetails.User.<init>(User.java:118) ~[spring-security-core-5.5.2.jar:5.5.2]
	at org.springframework.security.core.userdetails.User$UserBuilder.build(User.java:504) ~[spring-security-core-5.5.2.jar:5.5.2]
	at org.springframework.security.config.annotation.authentication.configurers.provisioning.UserDetailsManagerConfigurer$UserDetailsBuilder.build(UserDetailsManagerConfigurer.java:266) ~[spring-security-config-5.5.2.jar:5.5.2]
	at org.springframework.security.config.annotation.authentication.configurers.provisioning.UserDetailsManagerConfigurer.initUserDetailsService(UserDetailsManagerConfigurer.java:59) ~[spring-security-config-5.5.2.jar:5.5.2]
	at org.springframework.security.config.annotation.authentication.configurers.userdetails.UserDetailsServiceConfigurer.configure(UserDetailsServiceConfigurer.java:47) ~[spring-security-config-5.5.2.jar:5.5.2]
	at org.springframework.security.config.annotation.authentication.configurers.userdetails.UserDetailsServiceConfigurer.configure(UserDetailsServiceConfigurer.java:34) ~[spring-security-config-5.5.2.jar:5.5.2]
	at org.springframework.security.config.annotation.AbstractConfiguredSecurityBuilder.configure(AbstractConfiguredSecurityBuilder.java:349) ~[spring-security-config-5.5.2.jar:5.5.2]
	at org.springframework.security.config.annotation.AbstractConfiguredSecurityBuilder.doBuild(AbstractConfiguredSecurityBuilder.java:303) ~[spring-security-config-5.5.2.jar:5.5.2]
	at org.springframework.security.config.annotation.AbstractSecurityBuilder.build(AbstractSecurityBuilder.java:38) ~[spring-security-config-5.5.2.jar:5.5.2]
	at org.springframework.security.config.annotation.authentication.configuration.AuthenticationConfiguration.getAuthenticationManager(AuthenticationConfiguration.java:121) ~[spring-security-config-5.5.2.jar:5.5.2]
	at org.springframework.security.config.annotation.web.configuration.WebSecurityConfigurerAdapter.authenticationManager(WebSecurityConfigurerAdapter.java:266) ~[spring-security-config-5.5.2.jar:5.5.2]
	at org.springframework.security.config.annotation.web.configuration.WebSecurityConfigurerAdapter.getHttp(WebSecurityConfigurerAdapter.java:204) ~[spring-security-config-5.5.2.jar:5.5.2]
	at org.springframework.security.config.annotation.web.configuration.WebSecurityConfigurerAdapter.init(WebSecurityConfigurerAdapter.java:315) ~[spring-security-config-5.5.2.jar:5.5.2]
	at org.springframework.security.config.annotation.web.configuration.WebSecurityConfigurerAdapter.init(WebSecurityConfigurerAdapter.java:93) ~[spring-security-config-5.5.2.jar:5.5.2]
	at com.raghu.mbs.securityconfigs.ApiSecurityConfig$$EnhancerBySpringCGLIB$$12e1e8c7.init(<generated>) ~[classes/:na]
	at org.springframework.security.config.annotation.AbstractConfiguredSecurityBuilder.init(AbstractConfiguredSecurityBuilder.java:338) ~[spring-security-config-5.5.2.jar:5.5.2]
	at org.springframework.security.config.annotation.AbstractConfiguredSecurityBuilder.doBuild(AbstractConfiguredSecurityBuilder.java:300) ~[spring-security-config-5.5.2.jar:5.5.2]
	at org.springframework.security.config.annotation.AbstractSecurityBuilder.build(AbstractSecurityBuilder.java:38) ~[spring-security-config-5.5.2.jar:5.5.2]
	at org.springframework.security.config.annotation.web.configuration.WebSecurityConfiguration.springSecurityFilterChain(WebSecurityConfiguration.java:127) ~[spring-security-config-5.5.2.jar:5.5.2]
	at java.base/jdk.internal.reflect.NativeMethodAccessorImpl.invoke0(Native Method) ~[na:na]
	at java.base/jdk.internal.reflect.NativeMethodAccessorImpl.invoke(NativeMethodAccessorImpl.java:62) ~[na:na]
	at java.base/jdk.internal.reflect.DelegatingMethodAccessorImpl.invoke(DelegatingMethodAccessorImpl.java:43) ~[na:na]
	at java.base/java.lang.reflect.Method.invoke(Method.java:566) ~[na:na]
	at org.springframework.beans.factory.support.SimpleInstantiationStrategy.instantiate(SimpleInstantiationStrategy.java:154) ~[spring-beans-5.3.10.jar:5.3.10]
	... 22 common frames omitted

2022-06-05 19:52:06.816  INFO 36304 --- [main] com.raghu.mbs.MbsApplication             : Starting MbsApplication using Java 11.0.12 on raghu-HP-Spectre-x360-Convertible-13-ac0XX with PID 36304 (/home/raghu/Documents/mbs/target/classes started by raghu in /home/raghu/Documents/mbs)
2022-06-05 19:52:06.819  INFO 36304 --- [main] com.raghu.mbs.MbsApplication             : No active profile set, falling back to default profiles: default
2022-06-05 19:52:07.630  INFO 36304 --- [main] .s.d.r.c.RepositoryConfigurationDelegate : Bootstrapping Spring Data JPA repositories in DEFAULT mode.
2022-06-05 19:52:07.695  INFO 36304 --- [main] .s.d.r.c.RepositoryConfigurationDelegate : Finished Spring Data repository scanning in 58 ms. Found 11 JPA repository interfaces.
2022-06-05 19:52:08.070  INFO 36304 --- [main] o.s.b.w.embedded.tomcat.TomcatWebServer  : Tomcat initialized with port(s): 8081 (http)
2022-06-05 19:52:08.076  INFO 36304 --- [main] o.apache.catalina.core.StandardService   : Starting service [Tomcat]
2022-06-05 19:52:08.076  INFO 36304 --- [main] org.apache.catalina.core.StandardEngine  : Starting Servlet engine: [Apache Tomcat/9.0.53]
2022-06-05 19:52:08.140  INFO 36304 --- [main] o.a.c.c.C.[.[localhost].[/mbs/v1]        : Initializing Spring embedded WebApplicationContext
2022-06-05 19:52:08.141  INFO 36304 --- [main] w.s.c.ServletWebServerApplicationContext : Root WebApplicationContext: initialization completed in 1231 ms
2022-06-05 19:52:08.164  INFO 36304 --- [main] com.zaxxer.hikari.HikariDataSource       : HikariPool-1 - Starting...
2022-06-05 19:52:08.231  INFO 36304 --- [main] com.zaxxer.hikari.HikariDataSource       : HikariPool-1 - Start completed.
2022-06-05 19:52:08.235  INFO 36304 --- [main] o.s.b.a.h2.H2ConsoleAutoConfiguration    : H2 console available at '/h2-console'. Database available at 'jdbc:h2:mem:mbsdb'
2022-06-05 19:52:08.362  INFO 36304 --- [main] o.hibernate.jpa.internal.util.LogHelper  : HHH000204: Processing PersistenceUnitInfo [name: default]
2022-06-05 19:52:08.387  INFO 36304 --- [main] org.hibernate.Version                    : HHH000412: Hibernate ORM core version 5.4.32.Final
2022-06-05 19:52:08.449  INFO 36304 --- [main] o.hibernate.annotations.common.Version   : HCANN000001: Hibernate Commons Annotations {5.1.2.Final}
2022-06-05 19:52:08.527  INFO 36304 --- [main] org.hibernate.dialect.Dialect            : HHH000400: Using dialect: org.hibernate.dialect.H2Dialect
2022-06-05 19:52:09.026  INFO 36304 --- [main] o.h.e.t.j.p.i.JtaPlatformInitiator       : HHH000490: Using JtaPlatform implementation: [org.hibernate.engine.transaction.jta.platform.internal.NoJtaPlatform]
2022-06-05 19:52:09.032  INFO 36304 --- [main] j.LocalContainerEntityManagerFactoryBean : Initialized JPA EntityManagerFactory for persistence unit 'default'
2022-06-05 19:52:09.330  WARN 36304 --- [main] JpaBaseConfiguration$JpaWebConfiguration : spring.jpa.open-in-view is enabled by default. Therefore, database queries may be performed during view rendering. Explicitly configure spring.jpa.open-in-view to disable this warning
2022-06-05 19:52:09.536  INFO 36304 --- [main] o.s.s.web.DefaultSecurityFilterChain     : Will secure any request with [org.springframework.security.web.context.request.async.WebAsyncManagerIntegrationFilter@1820f274, org.springframework.security.web.context.SecurityContextPersistenceFilter@a302f30, org.springframework.security.web.header.HeaderWriterFilter@1cdad619, org.springframework.security.web.csrf.CsrfFilter@750c23a3, org.springframework.security.web.authentication.logout.LogoutFilter@66d44581, org.springframework.security.web.savedrequest.RequestCacheAwareFilter@744f0e0b, org.springframework.security.web.servletapi.SecurityContextHolderAwareRequestFilter@143fe09c, org.springframework.security.web.authentication.AnonymousAuthenticationFilter@221cdd87, org.springframework.security.web.session.SessionManagementFilter@c7c07ff, org.springframework.security.web.access.ExceptionTranslationFilter@581d5b33, org.springframework.security.web.access.intercept.FilterSecurityInterceptor@51e1e058]
2022-06-05 19:52:09.807  INFO 36304 --- [main] o.s.b.w.embedded.tomcat.TomcatWebServer  : Tomcat started on port(s): 8081 (http) with context path '/mbs/v1'
2022-06-05 19:52:09.816  INFO 36304 --- [main] com.raghu.mbs.MbsApplication             : Started MbsApplication in 3.39 seconds (JVM running for 4.023)
2022-06-05 19:52:09.948  INFO 36304 --- [main] org.hibernate.orm.tooling.schema         : acceptMovieDetails method is triggered
2022-06-05 19:52:09.962  INFO 36304 --- [main] com.raghu.mbs.MbsApplication             : I am writing an info log
2022-06-05 19:52:09.963  WARN 36304 --- [main] com.raghu.mbs.MbsApplication             : I amw writing a warning log
2022-06-05 19:52:09.963 ERROR 36304 --- [main] com.raghu.mbs.MbsApplication             : I am writing an error log
